10:45:51.363 [main] INFO  testCases.TC_001_AccountRegistrationTest - *** Starting TC_001_AccountRegistrationTest ***
10:45:51.443 [main] INFO  testCases.TC_001_AccountRegistrationTest - Clicked on My Account link
10:45:51.756 [main] INFO  testCases.TC_001_AccountRegistrationTest - Clicked on Register link
10:45:51.758 [main] INFO  testCases.TC_001_AccountRegistrationTest - Providing customer data
10:45:52.095 [main] INFO  testCases.TC_001_AccountRegistrationTest - Clicked on Continue
10:46:02.130 [main] INFO  testCases.TC_001_AccountRegistrationTest - Validating expected message
10:48:11.017 [main] DEBUG io.netty.util.internal.logging.InternalLoggerFactory - Using Log4J2 as the default logging framework
10:48:11.026 [main] DEBUG io.netty.util.ResourceLeakDetector - -Dio.netty.leakDetection.level: simple
10:48:11.027 [main] DEBUG io.netty.util.ResourceLeakDetector - -Dio.netty.leakDetection.targetRecords: 4
10:48:11.029 [main] DEBUG io.netty.util.ResourceLeakDetectorFactory - Loaded default ResourceLeakDetector: io.netty.util.ResourceLeakDetector@2ff95fc6
10:48:11.041 [main] DEBUG io.netty.util.internal.PlatformDependent0 - -Dio.netty.noUnsafe: false
10:48:11.041 [main] DEBUG io.netty.util.internal.PlatformDependent0 - Java version: 11
10:48:11.042 [main] DEBUG io.netty.util.internal.PlatformDependent0 - sun.misc.Unsafe.theUnsafe: available
10:48:11.042 [main] DEBUG io.netty.util.internal.PlatformDependent0 - sun.misc.Unsafe.copyMemory: available
10:48:11.042 [main] DEBUG io.netty.util.internal.PlatformDependent0 - sun.misc.Unsafe.storeFence: available
10:48:11.042 [main] DEBUG io.netty.util.internal.PlatformDependent0 - java.nio.Buffer.address: available
10:48:11.043 [main] DEBUG io.netty.util.internal.PlatformDependent0 - direct buffer constructor: unavailable: Reflective setAccessible(true) disabled
10:48:11.043 [main] DEBUG io.netty.util.internal.PlatformDependent0 - java.nio.Bits.unaligned: available, true
10:48:11.044 [main] DEBUG io.netty.util.internal.PlatformDependent0 - jdk.internal.misc.Unsafe.allocateUninitializedArray(int): unavailable: class io.netty.util.internal.PlatformDependent0$7 cannot access class jdk.internal.misc.Unsafe (in module java.base) because module java.base does not export jdk.internal.misc to unnamed module @14f3c6fc
10:48:11.044 [main] DEBUG io.netty.util.internal.PlatformDependent0 - java.nio.DirectByteBuffer.<init>(long, int): unavailable
10:48:11.044 [main] DEBUG io.netty.util.internal.PlatformDependent - sun.misc.Unsafe: available
10:48:11.045 [main] DEBUG io.netty.util.internal.PlatformDependent - maxDirectMemory: 5175771136 bytes (maybe)
10:48:11.045 [main] DEBUG io.netty.util.internal.PlatformDependent - -Dio.netty.tmpdir: /tmp (java.io.tmpdir)
10:48:11.045 [main] DEBUG io.netty.util.internal.PlatformDependent - -Dio.netty.bitMode: 64 (sun.arch.data.model)
10:48:11.045 [main] DEBUG io.netty.util.internal.PlatformDependent - -Dio.netty.maxDirectMemory: -1 bytes
10:48:11.045 [main] DEBUG io.netty.util.internal.PlatformDependent - -Dio.netty.uninitializedArrayAllocationThreshold: -1
10:48:11.046 [main] DEBUG io.netty.util.internal.CleanerJava9 - java.nio.ByteBuffer.cleaner(): available
10:48:11.046 [main] DEBUG io.netty.util.internal.PlatformDependent - -Dio.netty.noPreferDirect: false
10:48:11.052 [main] DEBUG io.netty.util.internal.PlatformDependent - org.jctools-core.MpscChunkedArrayQueue: available
10:48:11.062 [main] DEBUG io.netty.util.internal.InternalThreadLocalMap - -Dio.netty.threadLocalMap.stringBuilder.initialSize: 1024
10:48:11.063 [main] DEBUG io.netty.util.internal.InternalThreadLocalMap - -Dio.netty.threadLocalMap.stringBuilder.maxSize: 4096
10:48:11.081 [main] DEBUG io.netty.handler.ssl.JdkSslContext - Default protocols (JDK): [TLSv1.3, TLSv1.2] 
10:48:11.081 [main] DEBUG io.netty.handler.ssl.JdkSslContext - Default cipher suites (JDK): [TLS_ECDHE_ECDSA_WITH_AES_256_GCM_SHA384, TLS_ECDHE_ECDSA_WITH_AES_128_GCM_SHA256, TLS_ECDHE_RSA_WITH_AES_128_GCM_SHA256, TLS_ECDHE_RSA_WITH_AES_256_GCM_SHA384, TLS_ECDHE_RSA_WITH_AES_128_CBC_SHA, TLS_ECDHE_RSA_WITH_AES_256_CBC_SHA, TLS_RSA_WITH_AES_128_GCM_SHA256, TLS_RSA_WITH_AES_128_CBC_SHA, TLS_RSA_WITH_AES_256_CBC_SHA, TLS_AES_128_GCM_SHA256, TLS_AES_256_GCM_SHA384]
10:48:11.090 [main] DEBUG io.netty.util.concurrent.GlobalEventExecutor - -Dio.netty.globalEventExecutor.quietPeriodSeconds: 1
10:48:11.097 [main] DEBUG io.netty.channel.MultithreadEventLoopGroup - -Dio.netty.eventLoopThreads: 16
10:48:11.104 [main] DEBUG io.netty.channel.nio.NioEventLoop - -Dio.netty.noKeySetOptimization: false
10:48:11.104 [main] DEBUG io.netty.channel.nio.NioEventLoop - -Dio.netty.selectorAutoRebuildThreshold: 512
10:48:11.122 [main] DEBUG io.netty.buffer.PooledByteBufAllocator - -Dio.netty.allocator.numHeapArenas: 16
10:48:11.123 [main] DEBUG io.netty.buffer.PooledByteBufAllocator - -Dio.netty.allocator.numDirectArenas: 16
10:48:11.123 [main] DEBUG io.netty.buffer.PooledByteBufAllocator - -Dio.netty.allocator.pageSize: 8192
10:48:11.123 [main] DEBUG io.netty.buffer.PooledByteBufAllocator - -Dio.netty.allocator.maxOrder: 9
10:48:11.123 [main] DEBUG io.netty.buffer.PooledByteBufAllocator - -Dio.netty.allocator.chunkSize: 4194304
10:48:11.123 [main] DEBUG io.netty.buffer.PooledByteBufAllocator - -Dio.netty.allocator.smallCacheSize: 256
10:48:11.123 [main] DEBUG io.netty.buffer.PooledByteBufAllocator - -Dio.netty.allocator.normalCacheSize: 64
10:48:11.123 [main] DEBUG io.netty.buffer.PooledByteBufAllocator - -Dio.netty.allocator.maxCachedBufferCapacity: 32768
10:48:11.123 [main] DEBUG io.netty.buffer.PooledByteBufAllocator - -Dio.netty.allocator.cacheTrimInterval: 8192
10:48:11.123 [main] DEBUG io.netty.buffer.PooledByteBufAllocator - -Dio.netty.allocator.cacheTrimIntervalMillis: 0
10:48:11.123 [main] DEBUG io.netty.buffer.PooledByteBufAllocator - -Dio.netty.allocator.useCacheForAllThreads: false
10:48:11.123 [main] DEBUG io.netty.buffer.PooledByteBufAllocator - -Dio.netty.allocator.maxCachedByteBuffersPerChunk: 1023
10:48:11.130 [main] DEBUG io.netty.buffer.ByteBufUtil - -Dio.netty.allocator.type: pooled
10:48:11.130 [main] DEBUG io.netty.buffer.ByteBufUtil - -Dio.netty.threadLocalDirectBufferSize: 0
10:48:11.130 [main] DEBUG io.netty.buffer.ByteBufUtil - -Dio.netty.maxThreadLocalCharBufferSize: 16384
10:48:11.369 [Forwarding newSession on session null to remote] DEBUG io.netty.channel.DefaultChannelId - -Dio.netty.processId: 50040 (auto-detected)
10:48:11.371 [Forwarding newSession on session null to remote] DEBUG io.netty.util.NetUtil - -Djava.net.preferIPv4Stack: false
10:48:11.371 [Forwarding newSession on session null to remote] DEBUG io.netty.util.NetUtil - -Djava.net.preferIPv6Addresses: false
10:48:11.372 [Forwarding newSession on session null to remote] DEBUG io.netty.util.NetUtilInitializations - Loopback interface: lo (lo, 0:0:0:0:0:0:0:1%lo)
10:48:11.373 [Forwarding newSession on session null to remote] DEBUG io.netty.util.NetUtil - /proc/sys/net/core/somaxconn: 4096
10:48:11.373 [Forwarding newSession on session null to remote] DEBUG io.netty.channel.DefaultChannelId - -Dio.netty.machineId: b4:0e:de:ff:fe:83:95:2d (auto-detected)
10:48:11.418 [AsyncHttpClient-1-2] DEBUG io.netty.buffer.AbstractByteBuf - -Dio.netty.buffer.checkAccessible: true
10:48:11.418 [AsyncHttpClient-1-2] DEBUG io.netty.buffer.AbstractByteBuf - -Dio.netty.buffer.checkBounds: true
10:48:11.419 [AsyncHttpClient-1-2] DEBUG io.netty.util.ResourceLeakDetectorFactory - Loaded default ResourceLeakDetector: io.netty.util.ResourceLeakDetector@54938bbe
10:48:11.441 [AsyncHttpClient-1-2] DEBUG io.netty.util.Recycler - -Dio.netty.recycler.maxCapacityPerThread: 4096
10:48:11.441 [AsyncHttpClient-1-2] DEBUG io.netty.util.Recycler - -Dio.netty.recycler.ratio: 8
10:48:11.441 [AsyncHttpClient-1-2] DEBUG io.netty.util.Recycler - -Dio.netty.recycler.chunkSize: 32
10:48:11.441 [AsyncHttpClient-1-2] DEBUG io.netty.util.Recycler - -Dio.netty.recycler.blocking: false
10:48:11.441 [AsyncHttpClient-1-2] DEBUG io.netty.util.Recycler - -Dio.netty.recycler.batchFastThreadLocalOnly: true
10:48:11.760 [AsyncHttpClient-1-2] DEBUG io.netty.handler.codec.compression.Brotli - brotli4j not in the classpath; Brotli support will be unavailable.
10:48:11.851 [main] DEBUG io.netty.util.internal.ThreadLocalRandom - -Dio.netty.initialSeedUniquifier: 0x54c5704bba265711
10:48:12.973 [main] DEBUG testCases.TC_001_AccountRegistrationTest - application logs.....
10:48:12.974 [main] INFO  testCases.TC_001_AccountRegistrationTest - *** Starting TC_001_AccountRegistrationTest ***
10:48:13.043 [main] INFO  testCases.TC_001_AccountRegistrationTest - Clicked on My Account link
10:48:13.416 [main] INFO  testCases.TC_001_AccountRegistrationTest - Clicked on Register link
10:48:13.420 [main] INFO  testCases.TC_001_AccountRegistrationTest - Providing customer data
10:48:13.803 [main] INFO  testCases.TC_001_AccountRegistrationTest - Clicked on Continue
10:48:24.925 [main] INFO  testCases.TC_001_AccountRegistrationTest - Validating expected message
11:10:04.297 [main] INFO  testCases.TC_001_AccountRegistrationTest - *** Starting TC_001_AccountRegistrationTest ***
11:10:04.366 [main] INFO  testCases.TC_001_AccountRegistrationTest - Clicked on My Account link
11:10:04.725 [main] INFO  testCases.TC_001_AccountRegistrationTest - Clicked on Register link
11:10:04.727 [main] INFO  testCases.TC_001_AccountRegistrationTest - Providing customer data
11:10:05.088 [main] INFO  testCases.TC_001_AccountRegistrationTest - Clicked on Continue
11:10:15.136 [main] INFO  testCases.TC_001_AccountRegistrationTest - Validating expected message
11:21:06.956 [main] INFO  testCases.TC_001_AccountRegistrationTest - *** Starting TC_001_AccountRegistrationTest ***
11:21:07.028 [main] INFO  testCases.TC_001_AccountRegistrationTest - Clicked on My Account link
11:21:07.460 [main] INFO  testCases.TC_001_AccountRegistrationTest - Clicked on Register link
11:21:07.461 [main] INFO  testCases.TC_001_AccountRegistrationTest - Providing customer data
11:21:07.790 [main] INFO  testCases.TC_001_AccountRegistrationTest - Clicked on Continue
11:21:17.862 [main] INFO  testCases.TC_001_AccountRegistrationTest - Validating expected message
11:22:28.180 [main] INFO  testCases.TC_001_AccountRegistrationTest - *** Starting TC_001_AccountRegistrationTest ***
11:22:28.254 [main] INFO  testCases.TC_001_AccountRegistrationTest - Clicked on My Account link
11:22:29.068 [main] INFO  testCases.TC_001_AccountRegistrationTest - Clicked on Register link
11:22:29.070 [main] INFO  testCases.TC_001_AccountRegistrationTest - Providing customer data
11:22:29.480 [main] INFO  testCases.TC_001_AccountRegistrationTest - Clicked on Continue
11:22:39.534 [main] INFO  testCases.TC_001_AccountRegistrationTest - Validating expected message
11:25:42.033 [main] INFO  testCases.TC_001_AccountRegistrationTest - *** Starting TC_001_AccountRegistrationTest ***
11:25:42.100 [main] INFO  testCases.TC_001_AccountRegistrationTest - Clicked on My Account link
11:25:42.537 [main] INFO  testCases.TC_001_AccountRegistrationTest - Clicked on Register link
11:25:42.538 [main] INFO  testCases.TC_001_AccountRegistrationTest - Providing customer data
11:25:42.879 [main] INFO  testCases.TC_001_AccountRegistrationTest - Clicked on Continue
11:25:53.433 [main] INFO  testCases.TC_001_AccountRegistrationTest - Validating expected message
11:25:55.165 [main] INFO  testCases.TC_001_AccountRegistrationTest - *** Starting TC_001_AccountRegistrationTest ***
11:25:55.222 [main] INFO  testCases.TC_001_AccountRegistrationTest - Clicked on My Account link
11:25:55.889 [main] INFO  testCases.TC_001_AccountRegistrationTest - Clicked on Register link
11:25:55.891 [main] INFO  testCases.TC_001_AccountRegistrationTest - Providing customer data
11:25:56.264 [main] INFO  testCases.TC_001_AccountRegistrationTest - Clicked on Continue
11:25:57.234 [main] INFO  testCases.TC_001_AccountRegistrationTest - Validating expected message
11:27:02.319 [TestNG-tests-2] INFO  testCases.TC_001_AccountRegistrationTest - *** Starting TC_001_AccountRegistrationTest ***
11:27:02.404 [TestNG-tests-2] INFO  testCases.TC_001_AccountRegistrationTest - Clicked on My Account link
11:27:03.270 [TestNG-tests-1] INFO  testCases.TC_001_AccountRegistrationTest - *** Starting TC_001_AccountRegistrationTest ***
11:27:03.330 [TestNG-tests-1] INFO  testCases.TC_001_AccountRegistrationTest - Clicked on My Account link
11:27:03.890 [TestNG-tests-1] INFO  testCases.TC_001_AccountRegistrationTest - Clicked on Register link
11:27:03.892 [TestNG-tests-1] INFO  testCases.TC_001_AccountRegistrationTest - Providing customer data
11:27:04.202 [TestNG-tests-1] INFO  testCases.TC_001_AccountRegistrationTest - Clicked on Continue
11:27:04.450 [TestNG-tests-2] INFO  testCases.TC_001_AccountRegistrationTest - Clicked on Register link
11:27:04.453 [TestNG-tests-2] INFO  testCases.TC_001_AccountRegistrationTest - Providing customer data
11:27:04.829 [TestNG-tests-2] INFO  testCases.TC_001_AccountRegistrationTest - Clicked on Continue
11:27:14.234 [TestNG-tests-1] INFO  testCases.TC_001_AccountRegistrationTest - Validating expected message
11:27:14.893 [TestNG-tests-2] INFO  testCases.TC_001_AccountRegistrationTest - Validating expected message
16:51:00.020 [TestNG-tests-1] INFO  testCases.TC_001_AccountRegistrationTest - *** Starting TC_001_AccountRegistrationTest ***
16:51:00.103 [TestNG-tests-1] INFO  testCases.TC_001_AccountRegistrationTest - Clicked on My Account link
16:51:00.888 [TestNG-tests-1] INFO  testCases.TC_001_AccountRegistrationTest - Clicked on Register link
16:51:00.890 [TestNG-tests-1] INFO  testCases.TC_001_AccountRegistrationTest - Providing customer data
16:51:01.233 [TestNG-tests-1] INFO  testCases.TC_001_AccountRegistrationTest - Clicked on Continue
16:51:11.269 [TestNG-tests-1] INFO  testCases.TC_001_AccountRegistrationTest - Validating expected message
16:52:08.848 [main] INFO  testCases.TC_001_AccountRegistrationTest - *** Starting TC_001_AccountRegistrationTest ***
16:52:08.912 [main] INFO  testCases.TC_001_AccountRegistrationTest - Clicked on My Account link
16:52:09.423 [main] INFO  testCases.TC_001_AccountRegistrationTest - Clicked on Register link
16:52:09.424 [main] INFO  testCases.TC_001_AccountRegistrationTest - Providing customer data
16:52:09.749 [main] INFO  testCases.TC_001_AccountRegistrationTest - Clicked on Continue
16:52:19.802 [main] INFO  testCases.TC_001_AccountRegistrationTest - Validating expected message
17:31:37.928 [main] INFO  testCases.TC_001_AccountRegistrationTest - *** Starting TC_001_AccountRegistrationTest ***
17:31:38.076 [main] INFO  testCases.TC_001_AccountRegistrationTest - Clicked on My Account link
17:31:38.466 [main] INFO  testCases.TC_001_AccountRegistrationTest - Clicked on Register link
17:31:38.468 [main] INFO  testCases.TC_001_AccountRegistrationTest - Providing customer data
17:31:38.791 [main] INFO  testCases.TC_001_AccountRegistrationTest - Clicked on Continue
17:31:48.828 [main] INFO  testCases.TC_001_AccountRegistrationTest - Validating expected message
17:33:34.752 [main] INFO  testCases.TC_001_AccountRegistrationTest - *** Starting TC_001_AccountRegistrationTest ***
17:33:34.837 [main] INFO  testCases.TC_001_AccountRegistrationTest - Clicked on My Account link
17:33:35.225 [main] INFO  testCases.TC_001_AccountRegistrationTest - Clicked on Register link
17:33:35.226 [main] INFO  testCases.TC_001_AccountRegistrationTest - Providing customer data
17:33:35.543 [main] INFO  testCases.TC_001_AccountRegistrationTest - Clicked on Continue
17:33:45.581 [main] INFO  testCases.TC_001_AccountRegistrationTest - Validating expected message
17:41:49.593 [main] INFO  testCases.TC_001_AccountRegistrationTest - *** Starting TC_001_AccountRegistrationTest ***
17:41:49.663 [main] INFO  testCases.TC_001_AccountRegistrationTest - Clicked on My Account link
17:41:50.037 [main] INFO  testCases.TC_001_AccountRegistrationTest - Clicked on Register link
17:41:50.038 [main] INFO  testCases.TC_001_AccountRegistrationTest - Providing customer data
17:41:50.364 [main] INFO  testCases.TC_001_AccountRegistrationTest - Clicked on Continue
17:42:00.386 [main] INFO  testCases.TC_001_AccountRegistrationTest - Validating expected message
17:42:44.477 [main] INFO  testCases.TC_001_AccountRegistrationTest - *** Starting TC_001_AccountRegistrationTest ***
17:42:44.544 [main] INFO  testCases.TC_001_AccountRegistrationTest - Clicked on My Account link
17:42:44.892 [main] INFO  testCases.TC_001_AccountRegistrationTest - Clicked on Register link
17:42:44.894 [main] INFO  testCases.TC_001_AccountRegistrationTest - Providing customer data
17:42:45.223 [main] INFO  testCases.TC_001_AccountRegistrationTest - Clicked on Continue
17:42:55.267 [main] INFO  testCases.TC_001_AccountRegistrationTest - Validating expected message
17:43:24.599 [main] INFO  testCases.TC_001_AccountRegistrationTest - *** Starting TC_001_AccountRegistrationTest ***
17:43:24.662 [main] INFO  testCases.TC_001_AccountRegistrationTest - Clicked on My Account link
17:43:25.002 [main] INFO  testCases.TC_001_AccountRegistrationTest - Clicked on Register link
17:43:25.004 [main] INFO  testCases.TC_001_AccountRegistrationTest - Providing customer data
17:43:25.326 [main] INFO  testCases.TC_001_AccountRegistrationTest - Clicked on Continue
17:43:35.365 [main] INFO  testCases.TC_001_AccountRegistrationTest - Validating expected message
17:44:30.673 [main] INFO  testCases.TC_001_AccountRegistrationTest - *** Starting TC_001_AccountRegistrationTest ***
17:44:30.741 [main] INFO  testCases.TC_001_AccountRegistrationTest - Clicked on My Account link
17:44:31.150 [main] INFO  testCases.TC_001_AccountRegistrationTest - Clicked on Register link
17:44:31.151 [main] INFO  testCases.TC_001_AccountRegistrationTest - Providing customer data
17:44:31.477 [main] INFO  testCases.TC_001_AccountRegistrationTest - Clicked on Continue
17:44:41.518 [main] INFO  testCases.TC_001_AccountRegistrationTest - Validating expected message
17:45:35.687 [main] INFO  testCases.TC_001_AccountRegistrationTest - *** Starting TC_001_AccountRegistrationTest ***
17:45:35.761 [main] INFO  testCases.TC_001_AccountRegistrationTest - Clicked on My Account link
17:45:36.175 [main] INFO  testCases.TC_001_AccountRegistrationTest - Clicked on Register link
17:45:36.178 [main] INFO  testCases.TC_001_AccountRegistrationTest - Providing customer data
17:45:36.503 [main] INFO  testCases.TC_001_AccountRegistrationTest - Clicked on Continue
17:45:46.549 [main] INFO  testCases.TC_001_AccountRegistrationTest - Validating expected message
17:46:24.934 [main] INFO  testCases.TC_001_AccountRegistrationTest - *** Starting TC_001_AccountRegistrationTest ***
17:46:24.996 [main] INFO  testCases.TC_001_AccountRegistrationTest - Clicked on My Account link
17:46:25.431 [main] INFO  testCases.TC_001_AccountRegistrationTest - Clicked on Register link
17:46:25.432 [main] INFO  testCases.TC_001_AccountRegistrationTest - Providing customer data
17:46:25.755 [main] INFO  testCases.TC_001_AccountRegistrationTest - Clicked on Continue
17:46:35.791 [main] INFO  testCases.TC_001_AccountRegistrationTest - Validating expected message
10:01:23.605 [main] INFO  testCases.TC_002_LoginTest - Starting TC_002_LoginTest
10:14:05.889 [main] INFO  testCases.TC_002_LoginTest - *** Starting TC_002_LoginTest ****
10:14:05.952 [main] INFO  testCases.TC_002_LoginTest - Clicked on My account
10:14:06.178 [main] INFO  testCases.TC_002_LoginTest - Clicked on Login Link
10:14:06.179 [main] INFO  testCases.TC_002_LoginTest - Providing login details
17:07:49.809 [main] INFO  testCases.TC_003_LoginDataDrivenTest - *** Starting TC_003_LoginDataDrivenTest ***
17:08:00.423 [main] INFO  testCases.TC_003_LoginDataDrivenTest - *** Starting TC_003_LoginDataDrivenTest ***
17:08:11.015 [main] INFO  testCases.TC_003_LoginDataDrivenTest - *** Starting TC_003_LoginDataDrivenTest ***
17:08:21.798 [main] INFO  testCases.TC_003_LoginDataDrivenTest - *** Starting TC_003_LoginDataDrivenTest ***
17:08:32.314 [main] INFO  testCases.TC_003_LoginDataDrivenTest - *** Starting TC_003_LoginDataDrivenTest ***
17:09:18.190 [main] INFO  testCases.TC_003_LoginDataDrivenTest - *** Starting TC_003_LoginDataDrivenTest ***
17:09:28.824 [main] INFO  testCases.TC_003_LoginDataDrivenTest - *** Starting TC_003_LoginDataDrivenTest ***
17:09:39.317 [main] INFO  testCases.TC_003_LoginDataDrivenTest - *** Starting TC_003_LoginDataDrivenTest ***
17:09:50.517 [main] INFO  testCases.TC_003_LoginDataDrivenTest - *** Starting TC_003_LoginDataDrivenTest ***
17:10:01.081 [main] INFO  testCases.TC_003_LoginDataDrivenTest - *** Starting TC_003_LoginDataDrivenTest ***
17:33:08.710 [main] INFO  testCases.TC_003_LoginDataDrivenTest - *** Starting TC_003_LoginDataDrivenTest ***
17:33:19.365 [main] INFO  testCases.TC_003_LoginDataDrivenTest - *** Starting TC_003_LoginDataDrivenTest ***
17:33:29.916 [main] INFO  testCases.TC_003_LoginDataDrivenTest - *** Starting TC_003_LoginDataDrivenTest ***
17:33:40.975 [main] INFO  testCases.TC_003_LoginDataDrivenTest - *** Starting TC_003_LoginDataDrivenTest ***
17:33:51.727 [main] INFO  testCases.TC_003_LoginDataDrivenTest - *** Starting TC_003_LoginDataDrivenTest ***
17:54:51.456 [main] INFO  testCases.TC_003_LoginDataDrivenTest - *** Starting TC_003_LoginDataDrivenTest ***
17:55:02.045 [main] INFO  testCases.TC_003_LoginDataDrivenTest - *** Starting TC_003_LoginDataDrivenTest ***
17:55:12.605 [main] INFO  testCases.TC_003_LoginDataDrivenTest - *** Starting TC_003_LoginDataDrivenTest ***
17:55:23.053 [main] INFO  testCases.TC_003_LoginDataDrivenTest - *** Starting TC_003_LoginDataDrivenTest ***
17:55:33.585 [main] INFO  testCases.TC_003_LoginDataDrivenTest - *** Starting TC_003_LoginDataDrivenTest ***
17:56:19.833 [main] INFO  testCases.TC_003_LoginDataDrivenTest - *** Starting TC_003_LoginDataDrivenTest ***
17:56:30.398 [main] INFO  testCases.TC_003_LoginDataDrivenTest - *** Starting TC_003_LoginDataDrivenTest ***
17:56:40.859 [main] INFO  testCases.TC_003_LoginDataDrivenTest - *** Starting TC_003_LoginDataDrivenTest ***
17:56:51.365 [main] INFO  testCases.TC_003_LoginDataDrivenTest - *** Starting TC_003_LoginDataDrivenTest ***
17:57:01.852 [main] INFO  testCases.TC_003_LoginDataDrivenTest - *** Starting TC_003_LoginDataDrivenTest ***
13:56:22.972 [main] INFO  testCases.TC_003_LoginDataDrivenTest - *** Starting TC_003_LoginDataDrivenTest ***
13:56:33.644 [main] INFO  testCases.TC_003_LoginDataDrivenTest - *** Starting TC_003_LoginDataDrivenTest ***
13:56:44.271 [main] INFO  testCases.TC_003_LoginDataDrivenTest - *** Starting TC_003_LoginDataDrivenTest ***
13:56:54.935 [main] INFO  testCases.TC_003_LoginDataDrivenTest - *** Starting TC_003_LoginDataDrivenTest ***
13:57:05.382 [main] INFO  testCases.TC_003_LoginDataDrivenTest - *** Starting TC_003_LoginDataDrivenTest ***
14:29:30.170 [main] INFO  testCases.TC_003_LoginDataDrivenTest - *** Starting TC_003_LoginDataDrivenTest ***
14:29:40.902 [main] INFO  testCases.TC_003_LoginDataDrivenTest - *** Starting TC_003_LoginDataDrivenTest ***
14:29:51.487 [main] INFO  testCases.TC_003_LoginDataDrivenTest - *** Starting TC_003_LoginDataDrivenTest ***
14:30:02.246 [main] INFO  testCases.TC_003_LoginDataDrivenTest - *** Starting TC_003_LoginDataDrivenTest ***
14:30:12.863 [main] INFO  testCases.TC_003_LoginDataDrivenTest - *** Starting TC_003_LoginDataDrivenTest ***
14:32:20.734 [main] INFO  testCases.TC_003_LoginDataDrivenTest - *** Starting TC_003_LoginDataDrivenTest ***
14:32:31.471 [main] INFO  testCases.TC_003_LoginDataDrivenTest - *** Starting TC_003_LoginDataDrivenTest ***
14:32:42.086 [main] INFO  testCases.TC_003_LoginDataDrivenTest - *** Starting TC_003_LoginDataDrivenTest ***
14:32:52.702 [main] INFO  testCases.TC_003_LoginDataDrivenTest - *** Starting TC_003_LoginDataDrivenTest ***
14:33:03.271 [main] INFO  testCases.TC_003_LoginDataDrivenTest - *** Starting TC_003_LoginDataDrivenTest ***
18:18:05.112 [main] INFO  testCases.TC_001_AccountRegistrationTest - *** Starting TC_001_AccountRegistrationTest ***
18:18:05.193 [main] INFO  testCases.TC_001_AccountRegistrationTest - Clicked on My Account link
18:18:05.827 [main] INFO  testCases.TC_001_AccountRegistrationTest - Clicked on Register link
18:18:05.828 [main] INFO  testCases.TC_001_AccountRegistrationTest - Providing customer data
18:18:16.143 [main] ERROR testCases.TC_001_AccountRegistrationTest - Test failed
18:20:46.194 [main] INFO  testCases.TC_001_AccountRegistrationTest - *** Starting TC_001_AccountRegistrationTest ***
18:20:46.273 [main] INFO  testCases.TC_001_AccountRegistrationTest - Clicked on My Account link
18:20:46.912 [main] INFO  testCases.TC_001_AccountRegistrationTest - Clicked on Register link
18:20:46.913 [main] INFO  testCases.TC_001_AccountRegistrationTest - Providing customer data
18:20:48.031 [main] INFO  testCases.TC_001_AccountRegistrationTest - Clicked on Continue
18:20:48.069 [main] INFO  testCases.TC_001_AccountRegistrationTest - Validating expected message
18:20:48.071 [main] INFO  testCases.TC_001_AccountRegistrationTest - *** Finished TC_001_AccountRegistrationTest ***
18:21:18.654 [main] INFO  testCases.TC_001_AccountRegistrationTest - *** Starting TC_001_AccountRegistrationTest ***
18:21:18.718 [main] INFO  testCases.TC_001_AccountRegistrationTest - Clicked on My Account link
18:21:19.415 [main] INFO  testCases.TC_001_AccountRegistrationTest - Clicked on Register link
18:21:19.416 [main] INFO  testCases.TC_001_AccountRegistrationTest - Providing customer data
18:21:20.483 [main] INFO  testCases.TC_001_AccountRegistrationTest - Clicked on Continue
18:21:20.516 [main] INFO  testCases.TC_001_AccountRegistrationTest - Validating expected message
18:21:20.517 [main] INFO  testCases.TC_001_AccountRegistrationTest - *** Finished TC_001_AccountRegistrationTest ***
18:22:16.510 [main] INFO  testCases.TC_001_AccountRegistrationTest - *** Starting TC_001_AccountRegistrationTest ***
18:22:16.578 [main] INFO  testCases.TC_001_AccountRegistrationTest - Clicked on My Account link
18:22:17.433 [main] INFO  testCases.TC_001_AccountRegistrationTest - Clicked on Register link
18:22:17.434 [main] INFO  testCases.TC_001_AccountRegistrationTest - Providing customer data
18:22:18.546 [main] INFO  testCases.TC_001_AccountRegistrationTest - Clicked on Continue
18:22:18.575 [main] INFO  testCases.TC_001_AccountRegistrationTest - Validating expected message
18:22:18.577 [main] INFO  testCases.TC_001_AccountRegistrationTest - *** Finished TC_001_AccountRegistrationTest ***
18:22:22.530 [main] INFO  testCases.TC_002_LoginTest - *** Starting TC_002_LoginTest ****
18:22:22.580 [main] INFO  testCases.TC_002_LoginTest - Clicked on My account
18:22:23.107 [main] INFO  testCases.TC_002_LoginTest - Clicked on Login Link
18:22:23.109 [main] INFO  testCases.TC_002_LoginTest - Providing login details
18:22:23.912 [main] INFO  testCases.TC_002_LoginTest - Clicked on Login button
18:22:23.955 [main] INFO  testCases.TC_002_LoginTest - *** Finished TC_002_LoginTest ***
18:22:28.930 [main] INFO  testCases.TC_003_LoginDataDrivenTest - *** Starting TC_003_LoginDataDrivenTest ***
18:22:31.367 [main] INFO  testCases.TC_003_LoginDataDrivenTest - *** Starting TC_003_LoginDataDrivenTest ***
18:22:42.298 [main] INFO  testCases.TC_003_LoginDataDrivenTest - *** Finished TC_003_LoginDataDrivenTest ***
18:22:42.299 [main] INFO  testCases.TC_003_LoginDataDrivenTest - *** Starting TC_003_LoginDataDrivenTest ***
18:22:53.294 [main] INFO  testCases.TC_003_LoginDataDrivenTest - *** Finished TC_003_LoginDataDrivenTest ***
18:22:53.296 [main] INFO  testCases.TC_003_LoginDataDrivenTest - *** Starting TC_003_LoginDataDrivenTest ***
18:23:04.727 [main] INFO  testCases.TC_003_LoginDataDrivenTest - *** Finished TC_003_LoginDataDrivenTest ***
18:23:04.729 [main] INFO  testCases.TC_003_LoginDataDrivenTest - *** Starting TC_003_LoginDataDrivenTest ***
18:23:07.564 [main] INFO  testCases.TC_003_LoginDataDrivenTest - *** Finished TC_003_LoginDataDrivenTest ***
18:24:23.661 [main] INFO  testCases.TC_003_LoginDataDrivenTest - *** Starting TC_003_LoginDataDrivenTest ***
18:24:26.129 [main] INFO  testCases.TC_003_LoginDataDrivenTest - *** Starting TC_003_LoginDataDrivenTest ***
18:24:37.032 [main] INFO  testCases.TC_003_LoginDataDrivenTest - *** Finished TC_003_LoginDataDrivenTest ***
18:24:37.033 [main] INFO  testCases.TC_003_LoginDataDrivenTest - *** Starting TC_003_LoginDataDrivenTest ***
18:24:47.970 [main] INFO  testCases.TC_003_LoginDataDrivenTest - *** Finished TC_003_LoginDataDrivenTest ***
18:24:47.973 [main] INFO  testCases.TC_003_LoginDataDrivenTest - *** Starting TC_003_LoginDataDrivenTest ***
18:24:59.428 [main] INFO  testCases.TC_003_LoginDataDrivenTest - *** Finished TC_003_LoginDataDrivenTest ***
18:24:59.430 [main] INFO  testCases.TC_003_LoginDataDrivenTest - *** Starting TC_003_LoginDataDrivenTest ***
18:25:02.184 [main] INFO  testCases.TC_003_LoginDataDrivenTest - *** Finished TC_003_LoginDataDrivenTest ***
18:25:52.469 [main] INFO  testCases.TC_002_LoginTest - *** Starting TC_002_LoginTest ****
18:25:52.537 [main] INFO  testCases.TC_002_LoginTest - Clicked on My account
18:25:52.895 [main] INFO  testCases.TC_002_LoginTest - Clicked on Login Link
18:25:52.896 [main] INFO  testCases.TC_002_LoginTest - Providing login details
18:25:53.691 [main] INFO  testCases.TC_002_LoginTest - Clicked on Login button
18:25:53.736 [main] INFO  testCases.TC_002_LoginTest - *** Finished TC_002_LoginTest ***
21:06:03.130 [main] INFO  testCases.TC_001_AccountRegistrationTest - *** Starting TC_001_AccountRegistrationTest ***
21:06:03.196 [main] INFO  testCases.TC_001_AccountRegistrationTest - Clicked on My Account link
21:06:03.893 [main] INFO  testCases.TC_001_AccountRegistrationTest - Clicked on Register link
21:06:03.895 [main] INFO  testCases.TC_001_AccountRegistrationTest - Providing customer data
21:06:04.912 [main] INFO  testCases.TC_001_AccountRegistrationTest - Clicked on Continue
21:06:04.942 [main] INFO  testCases.TC_001_AccountRegistrationTest - Validating expected message
21:06:04.943 [main] INFO  testCases.TC_001_AccountRegistrationTest - *** Finished TC_001_AccountRegistrationTest ***
21:06:08.364 [main] INFO  testCases.TC_002_LoginTest - *** Starting TC_002_LoginTest ****
21:06:08.432 [main] INFO  testCases.TC_002_LoginTest - Clicked on My account
21:06:08.889 [main] INFO  testCases.TC_002_LoginTest - Clicked on Login Link
21:06:08.891 [main] INFO  testCases.TC_002_LoginTest - Providing login details
21:06:09.705 [main] INFO  testCases.TC_002_LoginTest - Clicked on Login button
21:06:09.737 [main] INFO  testCases.TC_002_LoginTest - *** Finished TC_002_LoginTest ***
21:06:13.001 [main] INFO  testCases.TC_004_SearchProductTest - *** Starting TC_004_SearchProductTest ***
21:06:13.853 [main] INFO  testCases.TC_004_SearchProductTest - *** Finished TC_004_SearchProductTest ***
21:06:17.157 [main] INFO  testCases.TC_005_AddToCartPageTest -  Starting TC_005_AddToCartPageTest 
21:06:19.380 [main] INFO  testCases.TC_005_AddToCartPageTest - *** Finished TC_004_SearchProductTest ***
21:10:19.261 [main] INFO  testCases.TC_001_AccountRegistrationTest - *** Starting TC_001_AccountRegistrationTest ***
21:10:19.319 [main] INFO  testCases.TC_001_AccountRegistrationTest - Clicked on My Account link
21:10:20.600 [main] INFO  testCases.TC_001_AccountRegistrationTest - Clicked on Register link
21:10:20.601 [main] INFO  testCases.TC_001_AccountRegistrationTest - Providing customer data
21:10:21.616 [main] INFO  testCases.TC_001_AccountRegistrationTest - Clicked on Continue
21:10:21.645 [main] INFO  testCases.TC_001_AccountRegistrationTest - Validating expected message
21:10:21.647 [main] INFO  testCases.TC_001_AccountRegistrationTest - *** Finished TC_001_AccountRegistrationTest ***
21:10:29.183 [main] INFO  testCases.TC_002_LoginTest - *** Starting TC_002_LoginTest ****
21:10:29.246 [main] INFO  testCases.TC_002_LoginTest - Clicked on My account
21:10:29.709 [main] INFO  testCases.TC_002_LoginTest - Clicked on Login Link
21:10:29.711 [main] INFO  testCases.TC_002_LoginTest - Providing login details
21:10:30.521 [main] INFO  testCases.TC_002_LoginTest - Clicked on Login button
21:10:30.556 [main] INFO  testCases.TC_002_LoginTest - *** Finished TC_002_LoginTest ***
21:10:37.873 [main] INFO  testCases.TC_004_SearchProductTest - *** Starting TC_004_SearchProductTest ***
21:10:38.595 [main] INFO  testCases.TC_004_SearchProductTest - *** Finished TC_004_SearchProductTest ***
21:10:45.764 [main] INFO  testCases.TC_005_AddToCartPageTest -  Starting TC_005_AddToCartPageTest 
21:10:48.282 [main] INFO  testCases.TC_005_AddToCartPageTest - *** Finished TC_004_SearchProductTest ***
21:23:47.823 [main] INFO  testCases.TC_001_AccountRegistrationTest - *** Starting TC_001_AccountRegistrationTest ***
21:23:47.888 [main] INFO  testCases.TC_001_AccountRegistrationTest - Clicked on My Account link
21:23:49.159 [main] INFO  testCases.TC_001_AccountRegistrationTest - Clicked on Register link
21:23:49.161 [main] INFO  testCases.TC_001_AccountRegistrationTest - Providing customer data
21:23:50.171 [main] INFO  testCases.TC_001_AccountRegistrationTest - Clicked on Continue
21:23:50.200 [main] INFO  testCases.TC_001_AccountRegistrationTest - Validating expected message
21:23:50.202 [main] INFO  testCases.TC_001_AccountRegistrationTest - *** Finished TC_001_AccountRegistrationTest ***
21:23:57.284 [main] INFO  testCases.TC_002_LoginTest - *** Starting TC_002_LoginTest ****
21:23:57.339 [main] INFO  testCases.TC_002_LoginTest - Clicked on My account
21:23:57.749 [main] INFO  testCases.TC_002_LoginTest - Clicked on Login Link
21:23:57.750 [main] INFO  testCases.TC_002_LoginTest - Providing login details
21:23:58.575 [main] INFO  testCases.TC_002_LoginTest - Clicked on Login button
21:23:58.616 [main] INFO  testCases.TC_002_LoginTest - *** Finished TC_002_LoginTest ***
21:24:04.193 [main] INFO  testCases.TC_004_SearchProductTest - *** Starting TC_004_SearchProductTest ***
21:24:04.980 [main] INFO  testCases.TC_004_SearchProductTest - *** Finished TC_004_SearchProductTest ***
21:24:10.743 [main] INFO  testCases.TC_005_AddToCartPageTest -  Starting TC_005_AddToCartPageTest 
21:24:13.158 [main] INFO  testCases.TC_005_AddToCartPageTest - *** Finished TC_004_SearchProductTest ***
21:26:34.326 [main] INFO  testCases.TC_001_AccountRegistrationTest - *** Starting TC_001_AccountRegistrationTest ***
21:26:34.399 [main] INFO  testCases.TC_001_AccountRegistrationTest - Clicked on My Account link
21:26:35.658 [main] INFO  testCases.TC_001_AccountRegistrationTest - Clicked on Register link
21:26:35.659 [main] INFO  testCases.TC_001_AccountRegistrationTest - Providing customer data
21:26:36.672 [main] INFO  testCases.TC_001_AccountRegistrationTest - Clicked on Continue
21:26:36.700 [main] INFO  testCases.TC_001_AccountRegistrationTest - Validating expected message
21:26:36.702 [main] INFO  testCases.TC_001_AccountRegistrationTest - *** Finished TC_001_AccountRegistrationTest ***
21:26:43.321 [main] INFO  testCases.TC_002_LoginTest - *** Starting TC_002_LoginTest ****
21:26:43.393 [main] INFO  testCases.TC_002_LoginTest - Clicked on My account
21:26:43.769 [main] INFO  testCases.TC_002_LoginTest - Clicked on Login Link
21:26:43.770 [main] INFO  testCases.TC_002_LoginTest - Providing login details
21:26:44.561 [main] INFO  testCases.TC_002_LoginTest - Clicked on Login button
21:26:44.597 [main] INFO  testCases.TC_002_LoginTest - *** Finished TC_002_LoginTest ***
21:26:50.178 [main] INFO  testCases.TC_004_SearchProductTest - *** Starting TC_004_SearchProductTest ***
21:26:50.997 [main] INFO  testCases.TC_004_SearchProductTest - *** Finished TC_004_SearchProductTest ***
21:26:56.117 [main] INFO  testCases.TC_005_AddToCartPageTest -  Starting TC_005_AddToCartPageTest 
21:26:58.370 [main] INFO  testCases.TC_005_AddToCartPageTest - *** Finished TC_004_SearchProductTest ***
